[2023-11-24 18:40:23] local.ERROR: Class "App\Http\Controllers\API\DB" not found {"exception":"[object] (Error(code: 0): Class \"App\\Http\\Controllers\\API\\DB\" not found at /DadosPrincipais/www/testeApi/backend/app/Http/Controllers/API/ClienteApiController.php:26)
[stacktrace]
#0 /DadosPrincipais/www/testeApi/backend/vendor/laravel/framework/src/Illuminate/Validation/ClosureValidationRule.php(63): App\\Http\\Controllers\\API\\ClienteApiController->App\\Http\\Controllers\\API\\{closure}()
#1 /DadosPrincipais/www/testeApi/backend/vendor/laravel/framework/src/Illuminate/Validation/ClosureValidationRule.php(63): Closure->__invoke()
#2 /DadosPrincipais/www/testeApi/backend/vendor/laravel/framework/src/Illuminate/Validation/Validator.php(846): Illuminate\\Validation\\ClosureValidationRule->passes()
#3 /DadosPrincipais/www/testeApi/backend/vendor/laravel/framework/src/Illuminate/Validation/Validator.php(637): Illuminate\\Validation\\Validator->validateUsingCustomRule()
#4 /DadosPrincipais/www/testeApi/backend/vendor/laravel/framework/src/Illuminate/Validation/Validator.php(445): Illuminate\\Validation\\Validator->validateAttribute()
#5 /DadosPrincipais/www/testeApi/backend/vendor/laravel/framework/src/Illuminate/Validation/Validator.php(480): Illuminate\\Validation\\Validator->passes()
#6 /DadosPrincipais/www/testeApi/backend/app/Http/Controllers/API/ClienteApiController.php(42): Illuminate\\Validation\\Validator->fails()
#7 /DadosPrincipais/www/testeApi/backend/vendor/laravel/framework/src/Illuminate/Routing/Controller.php(54): App\\Http\\Controllers\\API\\ClienteApiController->store()
#8 /DadosPrincipais/www/testeApi/backend/vendor/laravel/framework/src/Illuminate/Routing/ControllerDispatcher.php(43): Illuminate\\Routing\\Controller->callAction()
#9 /DadosPrincipais/www/testeApi/backend/vendor/laravel/framework/src/Illuminate/Routing/Route.php(259): Illuminate\\Routing\\ControllerDispatcher->dispatch()
#10 /DadosPrincipais/www/testeApi/backend/vendor/laravel/framework/src/Illuminate/Routing/Route.php(205): Illuminate\\Routing\\Route->runController()
#11 /DadosPrincipais/www/testeApi/backend/vendor/laravel/framework/src/Illuminate/Routing/Router.php(799): Illuminate\\Routing\\Route->run()
#12 /DadosPrincipais/www/testeApi/backend/vendor/laravel/framework/src/Illuminate/Pipeline/Pipeline.php(141): Illuminate\\Routing\\Router->Illuminate\\Routing\\{closure}()
#13 /DadosPrincipais/www/testeApi/backend/vendor/laravel/framework/src/Illuminate/Routing/Middleware/SubstituteBindings.php(50): Illuminate\\Pipeline\\Pipeline->Illuminate\\Pipeline\\{closure}()
#14 /DadosPrincipais/www/testeApi/backend/vendor/laravel/framework/src/Illuminate/Pipeline/Pipeline.php(180): Illuminate\\Routing\\Middleware\\SubstituteBindings->handle()
#15 /DadosPrincipais/www/testeApi/backend/vendor/laravel/framework/src/Illuminate/Routing/Middleware/ThrottleRequests.php(159): Illuminate\\Pipeline\\Pipeline->Illuminate\\Pipeline\\{closure}()
#16 /DadosPrincipais/www/testeApi/backend/vendor/laravel/framework/src/Illuminate/Routing/Middleware/ThrottleRequests.php(125): Illuminate\\Routing\\Middleware\\ThrottleRequests->handleRequest()
#17 /DadosPrincipais/www/testeApi/backend/vendor/laravel/framework/src/Illuminate/Routing/Middleware/ThrottleRequests.php(87): Illuminate\\Routing\\Middleware\\ThrottleRequests->handleRequestUsingNamedLimiter()
#18 /DadosPrincipais/www/testeApi/backend/vendor/laravel/framework/src/Illuminate/Pipeline/Pipeline.php(180): Illuminate\\Routing\\Middleware\\ThrottleRequests->handle()
#19 /DadosPrincipais/www/testeApi/backend/vendor/laravel/framework/src/Illuminate/Pipeline/Pipeline.php(116): Illuminate\\Pipeline\\Pipeline->Illuminate\\Pipeline\\{closure}()
#20 /DadosPrincipais/www/testeApi/backend/vendor/laravel/framework/src/Illuminate/Routing/Router.php(798): Illuminate\\Pipeline\\Pipeline->then()
#21 /DadosPrincipais/www/testeApi/backend/vendor/laravel/framework/src/Illuminate/Routing/Router.php(777): Illuminate\\Routing\\Router->runRouteWithinStack()
#22 /DadosPrincipais/www/testeApi/backend/vendor/laravel/framework/src/Illuminate/Routing/Router.php(741): Illuminate\\Routing\\Router->runRoute()
#23 /DadosPrincipais/www/testeApi/backend/vendor/laravel/framework/src/Illuminate/Routing/Router.php(730): Illuminate\\Routing\\Router->dispatchToRoute()
#24 /DadosPrincipais/www/testeApi/backend/vendor/laravel/framework/src/Illuminate/Foundation/Http/Kernel.php(200): Illuminate\\Routing\\Router->dispatch()
#25 /DadosPrincipais/www/testeApi/backend/vendor/laravel/framework/src/Illuminate/Pipeline/Pipeline.php(141): Illuminate\\Foundation\\Http\\Kernel->Illuminate\\Foundation\\Http\\{closure}()
#26 /DadosPrincipais/www/testeApi/backend/vendor/laravel/framework/src/Illuminate/Foundation/Http/Middleware/TransformsRequest.php(21): Illuminate\\Pipeline\\Pipeline->Illuminate\\Pipeline\\{closure}()
#27 /DadosPrincipais/www/testeApi/backend/vendor/laravel/framework/src/Illuminate/Foundation/Http/Middleware/ConvertEmptyStringsToNull.php(31): Illuminate\\Foundation\\Http\\Middleware\\TransformsRequest->handle()
#28 /DadosPrincipais/www/testeApi/backend/vendor/laravel/framework/src/Illuminate/Pipeline/Pipeline.php(180): Illuminate\\Foundation\\Http\\Middleware\\ConvertEmptyStringsToNull->handle()
#29 /DadosPrincipais/www/testeApi/backend/vendor/laravel/framework/src/Illuminate/Foundation/Http/Middleware/TransformsRequest.php(21): Illuminate\\Pipeline\\Pipeline->Illuminate\\Pipeline\\{closure}()
#30 /DadosPrincipais/www/testeApi/backend/vendor/laravel/framework/src/Illuminate/Foundation/Http/Middleware/TrimStrings.php(40): Illuminate\\Foundation\\Http\\Middleware\\TransformsRequest->handle()
#31 /DadosPrincipais/www/testeApi/backend/vendor/laravel/framework/src/Illuminate/Pipeline/Pipeline.php(180): Illuminate\\Foundation\\Http\\Middleware\\TrimStrings->handle()
#32 /DadosPrincipais/www/testeApi/backend/vendor/laravel/framework/src/Illuminate/Foundation/Http/Middleware/ValidatePostSize.php(27): Illuminate\\Pipeline\\Pipeline->Illuminate\\Pipeline\\{closure}()
#33 /DadosPrincipais/www/testeApi/backend/vendor/laravel/framework/src/Illuminate/Pipeline/Pipeline.php(180): Illuminate\\Foundation\\Http\\Middleware\\ValidatePostSize->handle()
#34 /DadosPrincipais/www/testeApi/backend/vendor/laravel/framework/src/Illuminate/Foundation/Http/Middleware/PreventRequestsDuringMaintenance.php(99): Illuminate\\Pipeline\\Pipeline->Illuminate\\Pipeline\\{closure}()
#35 /DadosPrincipais/www/testeApi/backend/vendor/laravel/framework/src/Illuminate/Pipeline/Pipeline.php(180): Illuminate\\Foundation\\Http\\Middleware\\PreventRequestsDuringMaintenance->handle()
#36 /DadosPrincipais/www/testeApi/backend/vendor/laravel/framework/src/Illuminate/Http/Middleware/HandleCors.php(62): Illuminate\\Pipeline\\Pipeline->Illuminate\\Pipeline\\{closure}()
#37 /DadosPrincipais/www/testeApi/backend/vendor/laravel/framework/src/Illuminate/Pipeline/Pipeline.php(180): Illuminate\\Http\\Middleware\\HandleCors->handle()
#38 /DadosPrincipais/www/testeApi/backend/vendor/laravel/framework/src/Illuminate/Http/Middleware/TrustProxies.php(39): Illuminate\\Pipeline\\Pipeline->Illuminate\\Pipeline\\{closure}()
#39 /DadosPrincipais/www/testeApi/backend/vendor/laravel/framework/src/Illuminate/Pipeline/Pipeline.php(180): Illuminate\\Http\\Middleware\\TrustProxies->handle()
#40 /DadosPrincipais/www/testeApi/backend/vendor/laravel/framework/src/Illuminate/Pipeline/Pipeline.php(116): Illuminate\\Pipeline\\Pipeline->Illuminate\\Pipeline\\{closure}()
#41 /DadosPrincipais/www/testeApi/backend/vendor/laravel/framework/src/Illuminate/Foundation/Http/Kernel.php(175): Illuminate\\Pipeline\\Pipeline->then()
#42 /DadosPrincipais/www/testeApi/backend/vendor/laravel/framework/src/Illuminate/Foundation/Http/Kernel.php(144): Illuminate\\Foundation\\Http\\Kernel->sendRequestThroughRouter()
#43 /DadosPrincipais/www/testeApi/backend/public/index.php(51): Illuminate\\Foundation\\Http\\Kernel->handle()
#44 /DadosPrincipais/www/testeApi/backend/vendor/laravel/framework/src/Illuminate/Foundation/resources/server.php(16): require_once('...')
#45 {main}
"} 
